Using pre-set license
Built from '2020.3/staging' branch; Version is '2020.3.3f1 (76626098c1c4) revision 7758432'; Using compiler version '192528614'; Build Type 'Release'
OS: 'Windows 10 Pro; OS build 18363.1440; Version 1909; 64bit' Language: 'ru' Physical Memory: 16235 MB
BatchMode: 1, IsHumanControllingUs: 0, StartBugReporterOnCrash: 0, Is64bit: 1, IsPro: 0

 COMMAND LINE ARGUMENTS:
C:\Program Files\Unity\Hub\Editor\2020.3.3f1\Editor\Unity.exe
-adb2
-batchMode
-noUpm
-name
AssetImportWorker0
-projectPath
C:/Users/berdee/Boro
-logFile
Logs/AssetImportWorker0.log
-srvPort
64844
Successfully changed project path to: C:/Users/berdee/Boro
C:/Users/berdee/Boro
Using Asset Import Pipeline V2.
Refreshing native plugins compatible for Editor in 57.81 ms, found 0 plugins.
Preloading 0 native plugins for Editor in 0.00 ms.
Initialize engine version: 2020.3.3f1 (76626098c1c4)
[Subsystems] Discovering subsystems at path C:/Program Files/Unity/Hub/Editor/2020.3.3f1/Editor/Data/Resources/UnitySubsystems
[Subsystems] Discovering subsystems at path C:/Users/berdee/Boro/Assets
GfxDevice: creating device client; threaded=0
Direct3D:
    Version:  Direct3D 11.0 [level 11.1]
    Renderer: NVIDIA GeForce MX150 (ID=0x1d10)
    Vendor:   
    VRAM:     1983 MB
    Driver:   27.21.14.5763
Initialize mono
Mono path[0] = 'C:/Program Files/Unity/Hub/Editor/2020.3.3f1/Editor/Data/Managed'
Mono path[1] = 'C:/Program Files/Unity/Hub/Editor/2020.3.3f1/Editor/Data/MonoBleedingEdge/lib/mono/unityjit'
Mono config path = 'C:/Program Files/Unity/Hub/Editor/2020.3.3f1/Editor/Data/MonoBleedingEdge/etc'
Using monoOptions --debugger-agent=transport=dt_socket,embedding=1,server=y,suspend=n,address=127.0.0.1:56192
Begin MonoManager ReloadAssembly
Registering precompiled unity dll's ...
Register platform support module: C:/Program Files/Unity/Hub/Editor/2020.3.3f1/Editor/Data/PlaybackEngines/WindowsStandaloneSupport/UnityEditor.WindowsStandalone.Extensions.dll
Registered in 0.003932 seconds.
Native extension for WindowsStandalone target not found
Refreshing native plugins compatible for Editor in 50.61 ms, found 0 plugins.
Preloading 0 native plugins for Editor in 0.00 ms.
Invoked RoslynAnalysisRunner static constructor.
RoslynAnalysisRunner will not be running.
RoslynAnalysisRunner has terminated.
Mono: successfully reloaded assembly
- Completed reload, in  1.636 seconds
Platform modules already initialized, skipping
Registering precompiled user dll's ...
Registered in 0.001593 seconds.
Begin MonoManager ReloadAssembly
Native extension for WindowsStandalone target not found
Refreshing native plugins compatible for Editor in 0.37 ms, found 0 plugins.
Preloading 0 native plugins for Editor in 0.00 ms.
Invoked RoslynAnalysisRunner static constructor.
RoslynAnalysisRunner will not be running.
RoslynAnalysisRunner has terminated.
Mono: successfully reloaded assembly
- Completed reload, in  1.271 seconds
Platform modules already initialized, skipping
========================================================================
Worker process is ready to serve import requests
Launched and connected shader compiler UnityShaderCompiler.exe after 0.07 seconds
Refreshing native plugins compatible for Editor in 0.35 ms, found 0 plugins.
Preloading 0 native plugins for Editor in 0.00 ms.
Unloading 1626 Unused Serialized files (Serialized files now loaded: 0)
System memory in use before: 78.8 MB.
System memory in use after: 78.0 MB.

Unloading 31 unused Assets to reduce memory usage. Loaded Objects now: 2046.
Total: 2.780900 ms (FindLiveObjects: 0.243700 ms CreateObjectMapping: 0.089000 ms MarkObjects: 1.628300 ms  DeleteObjects: 0.818800 ms)

========================================================================
Received Import Request.
  path: Assets/Audio/LandOnEnemy.wav
  artifactKey: Guid(b7f741588644cd64bbee6387cb54a96d) Importer(815301076,1909f56bfc062723c751e8b465ee728b)
Start importing Assets/Audio/LandOnEnemy.wav using Guid(b7f741588644cd64bbee6387cb54a96d) Importer(815301076,1909f56bfc062723c751e8b465ee728b)  -> (artifact id: '1969844661833ef7ad149dd2367b3be6') in 0.289153 seconds
  Import took 0.297348 seconds .

========================================================================
Received Import Request.
  Time since last request: 0.000580 seconds.
  path: Assets/Audio/LandOnGround.wav
  artifactKey: Guid(dd6057fd464f77942a0bf39c54651b32) Importer(815301076,1909f56bfc062723c751e8b465ee728b)
Start importing Assets/Audio/LandOnGround.wav using Guid(dd6057fd464f77942a0bf39c54651b32) Importer(815301076,1909f56bfc062723c751e8b465ee728b)  -> (artifact id: 'c3e56c7af80f48bbebf1b8c5ef1441ed') in 0.019768 seconds
  Import took 0.024316 seconds .

========================================================================
Received Import Request.
  Time since last request: 0.000321 seconds.
  path: Assets/Audio/Music.wav
  artifactKey: Guid(5833894e2899f1840ac04193ca462e39) Importer(815301076,1909f56bfc062723c751e8b465ee728b)
Start importing Assets/Audio/Music.wav using Guid(5833894e2899f1840ac04193ca462e39) Importer(815301076,1909f56bfc062723c751e8b465ee728b)  -> (artifact id: 'caca99b6081037fed6b7904c8f51eacd') in 0.021570 seconds
  Import took 0.025435 seconds .

========================================================================
Received Import Request.
  Time since last request: 0.000358 seconds.
  path: Assets/Audio/jump.wav
  artifactKey: Guid(67975c08d56ceb147bad38572d805aa8) Importer(815301076,1909f56bfc062723c751e8b465ee728b)
Start importing Assets/Audio/jump.wav using Guid(67975c08d56ceb147bad38572d805aa8) Importer(815301076,1909f56bfc062723c751e8b465ee728b)  -> (artifact id: 'b6067b0582f36229a13d7bab6d5a2a44') in 0.015491 seconds
  Import took 0.019217 seconds .

========================================================================
Received Import Request.
  Time since last request: 0.000365 seconds.
  path: Assets/Audio/Walk02.wav
  artifactKey: Guid(3318e557ea5714340abb5376ce7fb8c6) Importer(815301076,1909f56bfc062723c751e8b465ee728b)
Start importing Assets/Audio/Walk02.wav using Guid(3318e557ea5714340abb5376ce7fb8c6) Importer(815301076,1909f56bfc062723c751e8b465ee728b)  -> (artifact id: 'b04288336969027eb4534cfe776fd9d9') in 0.017119 seconds
  Import took 0.022641 seconds .

========================================================================
Received Import Request.
  Time since last request: 0.000409 seconds.
  path: Assets/Audio/Death.wav
  artifactKey: Guid(e18959d46b63f3c4c8cc020a433cf848) Importer(815301076,1909f56bfc062723c751e8b465ee728b)
Start importing Assets/Audio/Death.wav using Guid(e18959d46b63f3c4c8cc020a433cf848) Importer(815301076,1909f56bfc062723c751e8b465ee728b)  -> (artifact id: '784691ef88a0c0fc345b60069c712a67') in 0.017808 seconds
  Import took 0.021999 seconds .

========================================================================
Received Import Request.
  Time since last request: 0.000281 seconds.
  path: Assets/Audio/Hurt.wav
  artifactKey: Guid(6c05149e5a2fba64ba172e25a61074b7) Importer(815301076,1909f56bfc062723c751e8b465ee728b)
Start importing Assets/Audio/Hurt.wav using Guid(6c05149e5a2fba64ba172e25a61074b7) Importer(815301076,1909f56bfc062723c751e8b465ee728b)  -> (artifact id: '38e7c59e7cad733c18d586e3fe48845c') in 0.014877 seconds
  Import took 0.018355 seconds .

========================================================================
Received Import Request.
  Time since last request: 0.000272 seconds.
  path: Assets/Audio/Collectable.wav
  artifactKey: Guid(bf527d825758e5b4ca7b69f5a02d9a56) Importer(815301076,1909f56bfc062723c751e8b465ee728b)
Start importing Assets/Audio/Collectable.wav using Guid(bf527d825758e5b4ca7b69f5a02d9a56) Importer(815301076,1909f56bfc062723c751e8b465ee728b)  -> (artifact id: 'cd06b50211f54f51db9c916eb9b3a7cc') in 0.014620 seconds
  Import took 0.020132 seconds .

========================================================================
Received Import Request.
  Time since last request: 0.000517 seconds.
  path: Assets/Audio/Walk01.wav
  artifactKey: Guid(bdb49257b73be764a8c04e4f37302e0e) Importer(815301076,1909f56bfc062723c751e8b465ee728b)
Start importing Assets/Audio/Walk01.wav using Guid(bdb49257b73be764a8c04e4f37302e0e) Importer(815301076,1909f56bfc062723c751e8b465ee728b)  -> (artifact id: '0dff9345fdf4748891b484fdd05244c2') in 0.015730 seconds
  Import took 0.018888 seconds .

========================================================================
Received Import Request.
  Time since last request: 0.000239 seconds.
  path: Assets/Audio/Death.wav
  artifactKey: Guid(e18959d46b63f3c4c8cc020a433cf848) Importer(815301076,1909f56bfc062723c751e8b465ee728b)
Start importing Assets/Audio/Death.wav using Guid(e18959d46b63f3c4c8cc020a433cf848) Importer(815301076,1909f56bfc062723c751e8b465ee728b)  -> (artifact id: '784691ef88a0c0fc345b60069c712a67') in 0.006981 seconds
  Import took 0.010214 seconds .

========================================================================
Received Import Request.
  Time since last request: 0.020679 seconds.
  path: Assets/Audio/Walk01.wav
  artifactKey: Guid(bdb49257b73be764a8c04e4f37302e0e) Importer(815301076,1909f56bfc062723c751e8b465ee728b)
Start importing Assets/Audio/Walk01.wav using Guid(bdb49257b73be764a8c04e4f37302e0e) Importer(815301076,1909f56bfc062723c751e8b465ee728b)  -> (artifact id: '0dff9345fdf4748891b484fdd05244c2') in 0.007392 seconds
  Import took 0.010641 seconds .

========================================================================
Received Import Request.
  Time since last request: 113.503248 seconds.
  path: Assets/Mod Assets/Bounce Effect Prefabs/BouncyLightning.prefab
  artifactKey: Guid(551743bdaa71a45fe84fd679e2ff0c3b) Importer(815301076,1909f56bfc062723c751e8b465ee728b)
Start importing Assets/Mod Assets/Bounce Effect Prefabs/BouncyLightning.prefab using Guid(551743bdaa71a45fe84fd679e2ff0c3b) Importer(815301076,1909f56bfc062723c751e8b465ee728b)  -> (artifact id: '7affb194127485ed84749d75cf59e1f9') in 0.053798 seconds
  Import took 0.060922 seconds .

========================================================================
Received Import Request.
  Time since last request: 2.708938 seconds.
  path: Assets/Tutorials/AddAnEnemy/4 AddAnEnemy.asset
  artifactKey: Guid(f1296c995c6fc4bcfac81bd7df3e5b18) Importer(815301076,1909f56bfc062723c751e8b465ee728b)
Start importing Assets/Tutorials/AddAnEnemy/4 AddAnEnemy.asset using Guid(f1296c995c6fc4bcfac81bd7df3e5b18) Importer(815301076,1909f56bfc062723c751e8b465ee728b)  -> (artifact id: 'd740c76b7c234322edfb45069ff81e3d') in 0.444637 seconds
  Import took 0.452866 seconds .

========================================================================
Received Import Request.
  Time since last request: 0.000555 seconds.
  path: Assets/Tutorials/EditorControls/WT-Hierarchy-and-Scene.png
  artifactKey: Guid(f3a64c50e0c284cf99bce0ae27d5a8c0) Importer(815301076,1909f56bfc062723c751e8b465ee728b)
Start importing Assets/Tutorials/EditorControls/WT-Hierarchy-and-Scene.png using Guid(f3a64c50e0c284cf99bce0ae27d5a8c0) Importer(815301076,1909f56bfc062723c751e8b465ee728b)  -> (artifact id: 'cd2e04a8aaf3a3ea527b9a16a46689b9') in 0.048181 seconds
  Import took 0.052280 seconds .

========================================================================
Received Import Request.
  Time since last request: 0.000315 seconds.
  path: Assets/Tutorials/AddAnEnemy/AddAnEnemy 031.asset
  artifactKey: Guid(189edae67694549d7a713a5feffd1094) Importer(815301076,1909f56bfc062723c751e8b465ee728b)
Start importing Assets/Tutorials/AddAnEnemy/AddAnEnemy 031.asset using Guid(189edae67694549d7a713a5feffd1094) Importer(815301076,1909f56bfc062723c751e8b465ee728b)  -> (artifact id: '9bf9c230dae78596e12a6f491caa1398') in 0.013063 seconds
  Import took 0.015870 seconds .

========================================================================
Received Import Request.
  Time since last request: 0.000353 seconds.
  path: Assets/Tutorials/EditorControls/EditorControls 06-Zoom-Scene.asset
  artifactKey: Guid(a2e36b4c574d748b99f00191d18a7deb) Importer(815301076,1909f56bfc062723c751e8b465ee728b)
Start importing Assets/Tutorials/EditorControls/EditorControls 06-Zoom-Scene.asset using Guid(a2e36b4c574d748b99f00191d18a7deb) Importer(815301076,1909f56bfc062723c751e8b465ee728b)  -> (artifact id: 'ea3d414bcad07cc5947c42a3c734ce3c') in 0.015594 seconds
  Import took 0.018327 seconds .

========================================================================
Received Import Request.
  Time since last request: 0.000302 seconds.
  path: Assets/Character/Sprites/EnemyIdle.png
  artifactKey: Guid(fe68c6e1242e94a9eab222e1f49440ff) Importer(815301076,1909f56bfc062723c751e8b465ee728b)
Start importing Assets/Character/Sprites/EnemyIdle.png using Guid(fe68c6e1242e94a9eab222e1f49440ff) Importer(815301076,1909f56bfc062723c751e8b465ee728b)  -> (artifact id: 'e1253f97a02b4878c578b09a1d12784e') in 0.174005 seconds
  Import took 0.178660 seconds .

========================================================================
Received Import Request.
  Time since last request: 0.000457 seconds.
  path: Assets/Tutorials/AddAnEnemy/AddAnEnemy 032.asset
  artifactKey: Guid(e83dc02e6ff064ab3b6b55d346838376) Importer(815301076,1909f56bfc062723c751e8b465ee728b)
Start importing Assets/Tutorials/AddAnEnemy/AddAnEnemy 032.asset using Guid(e83dc02e6ff064ab3b6b55d346838376) Importer(815301076,1909f56bfc062723c751e8b465ee728b)  -> (artifact id: '52ffcde2073be6752ba83f62de744dcd') in 0.039287 seconds
  Import took 0.042872 seconds .

========================================================================
Received Import Request.
  Time since last request: 0.000355 seconds.
  path: Assets/Tutorials/AddAnEnemy/AddAnEnemy 20.asset
  artifactKey: Guid(7a26dc58262a1fb48aad0781afaa1608) Importer(815301076,1909f56bfc062723c751e8b465ee728b)
Start importing Assets/Tutorials/AddAnEnemy/AddAnEnemy 20.asset using Guid(7a26dc58262a1fb48aad0781afaa1608) Importer(815301076,1909f56bfc062723c751e8b465ee728b)  -> (artifact id: 'c799810de12eb59a855118f8d99cf55c') in 0.015358 seconds
  Import took 0.018342 seconds .

========================================================================
Received Import Request.
  Time since last request: 0.000307 seconds.
  path: Assets/Character/Sprites/EnemyRun.png
  artifactKey: Guid(38c1b0996c8e0457eb88644b8cb126f3) Importer(815301076,1909f56bfc062723c751e8b465ee728b)
Start importing Assets/Character/Sprites/EnemyRun.png using Guid(38c1b0996c8e0457eb88644b8cb126f3) Importer(815301076,1909f56bfc062723c751e8b465ee728b)  -> (artifact id: 'bfe84e0d90a0b73ef4bd653e748edef6') in 0.061299 seconds
  Import took 0.065322 seconds .

========================================================================
Received Import Request.
  Time since last request: 0.000458 seconds.
  path: Assets/Tutorials/AddAnEnemy/AddAnEnemy 040.asset
  artifactKey: Guid(46684c162973f4cffa567151334e2457) Importer(815301076,1909f56bfc062723c751e8b465ee728b)
Start importing Assets/Tutorials/AddAnEnemy/AddAnEnemy 040.asset using Guid(46684c162973f4cffa567151334e2457) Importer(815301076,1909f56bfc062723c751e8b465ee728b)  -> (artifact id: '94607a517921505166a5806a1111db70') in 0.300695 seconds
  Import took 0.312056 seconds .

========================================================================
Received Import Request.
  Time since last request: 0.000490 seconds.
  path: Assets/Prefabs/Enemy.prefab
  artifactKey: Guid(f158aa2be3df6489185ef721f6fd79c1) Importer(815301076,1909f56bfc062723c751e8b465ee728b)
Start importing Assets/Prefabs/Enemy.prefab using Guid(f158aa2be3df6489185ef721f6fd79c1) Importer(815301076,1909f56bfc062723c751e8b465ee728b)  -> (artifact id: '66412fc954b02bd9d7df633a91eed2a8') in 0.043680 seconds
  Import took 0.048357 seconds .

========================================================================
Received Import Request.
  Time since last request: 0.000353 seconds.
  path: Assets/Character/Sprites/EnemyHurt.png
  artifactKey: Guid(93c828a03eeb34779a4373e83c7e1bcc) Importer(815301076,1909f56bfc062723c751e8b465ee728b)
Start importing Assets/Character/Sprites/EnemyHurt.png using Guid(93c828a03eeb34779a4373e83c7e1bcc) Importer(815301076,1909f56bfc062723c751e8b465ee728b)  -> (artifact id: '4563343f140d71fb05d9f4500ff4f472') in 0.044678 seconds
  Import took 0.047958 seconds .

========================================================================
Received Import Request.
  Time since last request: 0.000338 seconds.
  path: Assets/Tutorials/AddAnEnemy/AddAnEnemy 005.asset
  artifactKey: Guid(0dc14045fb36344f4bf9f8e3a8d37ffe) Importer(815301076,1909f56bfc062723c751e8b465ee728b)
Start importing Assets/Tutorials/AddAnEnemy/AddAnEnemy 005.asset using Guid(0dc14045fb36344f4bf9f8e3a8d37ffe) Importer(815301076,1909f56bfc062723c751e8b465ee728b)  -> (artifact id: 'fcdf0c6db046bb1098e4c603fd717853') in 0.008639 seconds
  Import took 0.011981 seconds .

========================================================================
Received Import Request.
  Time since last request: 0.000349 seconds.
  path: Assets/Tutorials/EditorControls/EditorControls 02-Scene-View - delete.asset
  artifactKey: Guid(13109c3c5779a483288f8fa77ffbcbd5) Importer(815301076,1909f56bfc062723c751e8b465ee728b)
Start importing Assets/Tutorials/EditorControls/EditorControls 02-Scene-View - delete.asset using Guid(13109c3c5779a483288f8fa77ffbcbd5) Importer(815301076,1909f56bfc062723c751e8b465ee728b)  -> (artifact id: '71fbd548f07d3a631a9a0f8a655096f9') in 0.011830 seconds
  Import took 0.014566 seconds .

========================================================================
Received Import Request.
  Time since last request: 0.000342 seconds.
  path: Assets/Character/Sprites/EnemyDeath.png
  artifactKey: Guid(0d22f52a800554566bb7a5bd62041458) Importer(815301076,1909f56bfc062723c751e8b465ee728b)
Start importing Assets/Character/Sprites/EnemyDeath.png using Guid(0d22f52a800554566bb7a5bd62041458) Importer(815301076,1909f56bfc062723c751e8b465ee728b)  -> (artifact id: 'ddb972f2dbe2de0dfa65d408a9fa4df4') in 0.035941 seconds
  Import took 0.039222 seconds .

========================================================================
Received Import Request.
  Time since last request: 14.075641 seconds.
  path: Assets/Character/Animations/Enemy.controller
  artifactKey: Guid(ed1bbb2dccb7a424a9969f916919f446) Importer(815301076,1909f56bfc062723c751e8b465ee728b)
Start importing Assets/Character/Animations/Enemy.controller using Guid(ed1bbb2dccb7a424a9969f916919f446) Importer(815301076,1909f56bfc062723c751e8b465ee728b)  -> (artifact id: '593e08dd91f110a67011fa5575a95774') in 0.011188 seconds
  Import took 0.020018 seconds .

========================================================================
Received Import Request.
  Time since last request: 56.896094 seconds.
  path: Assets/Tutorials/AddAnEnemy/AddAnEnemy 20.asset
  artifactKey: Guid(7a26dc58262a1fb48aad0781afaa1608) Importer(815301076,1909f56bfc062723c751e8b465ee728b)
Start importing Assets/Tutorials/AddAnEnemy/AddAnEnemy 20.asset using Guid(7a26dc58262a1fb48aad0781afaa1608) Importer(815301076,1909f56bfc062723c751e8b465ee728b)  -> (artifact id: 'f4988248f056c5e0ccd9703014492f32') in 0.011848 seconds
  Import took 0.015410 seconds .

